TN:
SF:src\components\card.tsx
FN:8,Card
FN:10,(anonymous_1)
FN:14,(anonymous_2)
FNF:3
FNH:1
FNDA:3,Card
FNDA:0,(anonymous_1)
FNDA:0,(anonymous_2)
DA:2,2
DA:8,2
DA:9,3
DA:10,3
DA:11,0
DA:13,3
DA:14,0
LF:7
LH:5
BRF:0
BRH:0
end_of_record
TN:
SF:src\components\cardList.tsx
FN:9,CardList
FN:16,(anonymous_2)
FNF:2
FNH:2
FNDA:2,CardList
FNDA:2,(anonymous_2)
DA:2,1
DA:9,1
DA:10,2
DA:11,2
DA:17,2
LF:5
LH:5
BRDA:10,0,0,1
BRDA:10,0,1,1
BRF:2
BRH:2
end_of_record
TN:
SF:src\components\loader.tsx
FN:5,Loader
FN:8,(anonymous_1)
FNF:2
FNH:2
FNDA:1,Loader
FNDA:5,(anonymous_1)
DA:5,1
DA:6,1
DA:9,5
LF:3
LH:3
BRF:0
BRH:0
end_of_record
TN:
SF:src\components\search.tsx
FN:8,Search
FN:20,(anonymous_2)
FN:24,(anonymous_3)
FNF:3
FNH:3
FNDA:6,Search
FNDA:3,(anonymous_2)
FNDA:1,(anonymous_3)
DA:1,1
DA:2,1
DA:8,1
DA:9,6
DA:10,6
DA:12,6
DA:20,3
DA:25,1
DA:26,1
DA:27,1
LF:10
LH:10
BRF:0
BRH:0
end_of_record
TN:
SF:src\components\detailedPage\detailedPage.tsx
FN:7,DetailedPage
FN:15,(anonymous_2)
FN:19,(anonymous_3)
FN:24,(anonymous_4)
FN:30,(anonymous_5)
FN:38,(anonymous_6)
FNF:6
FNH:4
FNDA:1,DetailedPage
FNDA:1,(anonymous_2)
FNDA:0,(anonymous_3)
FNDA:1,(anonymous_4)
FNDA:1,(anonymous_5)
FNDA:0,(anonymous_6)
DA:1,1
DA:2,1
DA:3,1
DA:4,1
DA:5,1
DA:7,1
DA:8,1
DA:9,1
DA:10,1
DA:11,1
DA:12,1
DA:13,1
DA:15,1
DA:16,1
DA:19,1
DA:20,0
DA:21,0
DA:24,1
DA:25,1
DA:26,1
DA:31,1
DA:32,1
DA:33,1
DA:34,1
DA:35,1
DA:36,1
DA:39,0
DA:43,1
LF:28
LH:25
BRDA:35,0,0,1
BRDA:49,1,0,1
BRDA:49,1,1,1
BRF:3
BRH:3
end_of_record
TN:
SF:src\components\detailedPage\details.scss
FNF:0
FNH:0
DA:1,1
LF:1
LH:1
BRF:0
BRH:0
end_of_record
TN:
SF:src\hooks\useSearchQuery.tsx
FN:3,useSearchQuery
FN:8,(anonymous_1)
FN:11,(anonymous_2)
FN:12,(anonymous_3)
FNF:4
FNH:4
FNDA:6,useSearchQuery
FNDA:2,(anonymous_1)
FNDA:1,(anonymous_2)
FNDA:7,(anonymous_3)
DA:1,1
DA:3,1
DA:8,6
DA:9,2
DA:11,6
DA:12,7
DA:13,6
LF:7
LH:7
BRDA:9,0,0,2
BRDA:9,0,1,1
BRF:2
BRH:2
end_of_record
